0 info it worked if it ends with ok
1 verbose cli [ 'C:\\Program Files\\nodejs\\node.exe',
1 verbose cli   'C:\\Program Files\\nodejs\\node_modules\\npm\\bin\\npm-cli.js',
1 verbose cli   'install',
1 verbose cli   'font-awesome' ]
2 info using npm@2.15.9
3 info using node@v4.6.1
4 verbose install initial load of E:\Repositories\Triangle\package.json
5 warn package.json Triangle@0.0.1 No description
6 warn package.json Triangle@0.0.1 No repository field.
7 warn package.json Triangle@0.0.1 No README data
8 warn package.json Triangle@0.0.1 No license field.
9 verbose installManyTop reading scoped package data from E:\Repositories\Triangle\node_modules\animate.css\package.json
10 verbose installManyTop reading scoped package data from E:\Repositories\Triangle\node_modules\bootstrap\package.json
11 verbose installManyTop reading scoped package data from E:\Repositories\Triangle\node_modules\font-awesome\package.json
12 verbose installManyTop reading scoped package data from E:\Repositories\Triangle\node_modules\grunt\package.json
13 verbose installManyTop reading scoped package data from E:\Repositories\Triangle\node_modules\grunt-cli\package.json
14 verbose installManyTop reading scoped package data from E:\Repositories\Triangle\node_modules\grunt-contrib-concat\package.json
15 verbose installManyTop reading scoped package data from E:\Repositories\Triangle\node_modules\grunt-contrib-cssmin\package.json
16 verbose installManyTop reading scoped package data from E:\Repositories\Triangle\node_modules\grunt-contrib-uglify\package.json
17 verbose installManyTop reading scoped package data from E:\Repositories\Triangle\node_modules\grunt-contrib-watch\package.json
18 verbose installManyTop reading scoped package data from E:\Repositories\Triangle\node_modules\jquery\package.json
19 verbose installManyTop reading scoped package data from E:\Repositories\Triangle\node_modules\normalize.css\package.json
20 info package.json grunt-contrib-watch@0.3.1 No license field.
21 verbose readDependencies loading dependencies from E:\Repositories\Triangle\package.json
22 silly cache add args [ 'font-awesome', null ]
23 verbose cache add spec font-awesome
24 silly cache add parsed spec Result {
24 silly cache add   raw: 'font-awesome',
24 silly cache add   scope: null,
24 silly cache add   name: 'font-awesome',
24 silly cache add   rawSpec: '',
24 silly cache add   spec: 'latest',
24 silly cache add   type: 'tag' }
25 silly addNamed font-awesome@latest
26 verbose addNamed "latest" is being treated as a dist-tag for font-awesome
27 info addNameTag [ 'font-awesome', 'latest' ]
28 silly mapToRegistry name font-awesome
29 silly mapToRegistry using default registry
30 silly mapToRegistry registry https://registry.npmjs.org/
31 silly mapToRegistry data Result {
31 silly mapToRegistry   raw: 'font-awesome',
31 silly mapToRegistry   scope: null,
31 silly mapToRegistry   name: 'font-awesome',
31 silly mapToRegistry   rawSpec: '',
31 silly mapToRegistry   spec: 'latest',
31 silly mapToRegistry   type: 'tag' }
32 silly mapToRegistry uri https://registry.npmjs.org/font-awesome
33 verbose addNameTag registry:https://registry.npmjs.org/font-awesome not in flight; fetching
34 verbose request uri https://registry.npmjs.org/font-awesome
35 verbose request no auth needed
36 info attempt registry request try #1 at 19:45:12
37 verbose request id 909f28a73a0724e2
38 http request GET https://registry.npmjs.org/font-awesome
39 http 200 https://registry.npmjs.org/font-awesome
40 verbose headers { server: 'CouchDB/1.5.0 (Erlang OTP/R16B03)',
40 verbose headers   etag: '"AVUTYMHR9HKE7FBPQG3WP8PNH"',
40 verbose headers   'content-type': 'application/json',
40 verbose headers   'content-encoding': 'gzip',
40 verbose headers   'cache-control': 'max-age=300',
40 verbose headers   'content-length': '4825',
40 verbose headers   'accept-ranges': 'bytes',
40 verbose headers   date: 'Mon, 07 Nov 2016 16:45:10 GMT',
40 verbose headers   via: '1.1 varnish',
40 verbose headers   age: '228',
40 verbose headers   connection: 'keep-alive',
40 verbose headers   'x-served-by': 'cache-ams4436-AMS',
40 verbose headers   'x-cache': 'HIT',
40 verbose headers   'x-cache-hits': '1',
40 verbose headers   'x-timer': 'S1478537110.664815,VS0,VE0',
40 verbose headers   vary: 'Accept-Encoding' }
41 silly get cb [ 200,
41 silly get   { server: 'CouchDB/1.5.0 (Erlang OTP/R16B03)',
41 silly get     etag: '"AVUTYMHR9HKE7FBPQG3WP8PNH"',
41 silly get     'content-type': 'application/json',
41 silly get     'content-encoding': 'gzip',
41 silly get     'cache-control': 'max-age=300',
41 silly get     'content-length': '4825',
41 silly get     'accept-ranges': 'bytes',
41 silly get     date: 'Mon, 07 Nov 2016 16:45:10 GMT',
41 silly get     via: '1.1 varnish',
41 silly get     age: '228',
41 silly get     connection: 'keep-alive',
41 silly get     'x-served-by': 'cache-ams4436-AMS',
41 silly get     'x-cache': 'HIT',
41 silly get     'x-cache-hits': '1',
41 silly get     'x-timer': 'S1478537110.664815,VS0,VE0',
41 silly get     vary: 'Accept-Encoding' } ]
42 verbose get saving font-awesome to C:\Users\Андрей\AppData\Roaming\npm-cache\registry.npmjs.org\font-awesome\.cache.json
43 verbose correctMkdir C:\Users\Андрей\AppData\Roaming\npm-cache correctMkdir not in flight; initializing
44 silly addNameTag next cb for font-awesome with tag latest
45 silly addNamed font-awesome@4.7.0
46 verbose addNamed "4.7.0" is a plain semver version for font-awesome
47 silly mapToRegistry name font-awesome
48 silly mapToRegistry using default registry
49 silly mapToRegistry registry https://registry.npmjs.org/
50 silly mapToRegistry data Result {
50 silly mapToRegistry   raw: 'font-awesome',
50 silly mapToRegistry   scope: null,
50 silly mapToRegistry   name: 'font-awesome',
50 silly mapToRegistry   rawSpec: '',
50 silly mapToRegistry   spec: 'latest',
50 silly mapToRegistry   type: 'tag' }
51 silly mapToRegistry uri https://registry.npmjs.org/font-awesome
52 verbose addRemoteTarball https://registry.npmjs.org/font-awesome/-/font-awesome-4.7.0.tgz not in flight; adding
53 verbose addRemoteTarball [ 'https://registry.npmjs.org/font-awesome/-/font-awesome-4.7.0.tgz',
53 verbose addRemoteTarball   '8fa8cf0411a1a31afd07b06d2902bb9fc815a133' ]
54 info retry fetch attempt 1 at 19:45:12
55 info attempt registry request try #1 at 19:45:12
56 http fetch GET https://registry.npmjs.org/font-awesome/-/font-awesome-4.7.0.tgz
57 http fetch 200 https://registry.npmjs.org/font-awesome/-/font-awesome-4.7.0.tgz
58 silly fetchAndShaCheck shasum 8fa8cf0411a1a31afd07b06d2902bb9fc815a133
59 verbose addTmpTarball C:\Users\A4F7~1\AppData\Local\Temp\npm-7852-c45a03e0\registry.npmjs.org\font-awesome\-\font-awesome-4.7.0.tgz not in flight; adding
60 verbose addTmpTarball already have metadata; skipping unpack for font-awesome@4.7.0
61 verbose correctMkdir C:\Users\Андрей\AppData\Roaming\npm-cache correctMkdir not in flight; initializing
62 silly cache afterAdd font-awesome@4.7.0
63 verbose afterAdd C:\Users\Андрей\AppData\Roaming\npm-cache\font-awesome\4.7.0\package\package.json not in flight; writing
64 verbose correctMkdir C:\Users\Андрей\AppData\Roaming\npm-cache correctMkdir not in flight; initializing
65 verbose afterAdd C:\Users\Андрей\AppData\Roaming\npm-cache\font-awesome\4.7.0\package\package.json written
66 silly install resolved [ { name: 'font-awesome',
66 silly install resolved     description: 'The iconic font and CSS framework',
66 silly install resolved     version: '4.7.0',
66 silly install resolved     style: 'css/font-awesome.css',
66 silly install resolved     keywords: [ 'font', 'awesome', 'fontawesome', 'icon', 'font', 'bootstrap' ],
66 silly install resolved     homepage: 'http://fontawesome.io/',
66 silly install resolved     bugs: { url: 'http://github.com/FortAwesome/Font-Awesome/issues' },
66 silly install resolved     author:
66 silly install resolved      { name: 'Dave Gandy',
66 silly install resolved        email: 'dave@fontawesome.io',
66 silly install resolved        url: 'http://twitter.com/davegandy' },
66 silly install resolved     repository:
66 silly install resolved      { type: 'git',
66 silly install resolved        url: 'git+https://github.com/FortAwesome/Font-Awesome.git' },
66 silly install resolved     contributors: [ [Object], [Object], [Object], [Object] ],
66 silly install resolved     license: '(OFL-1.1 AND MIT)',
66 silly install resolved     dependencies: {},
66 silly install resolved     engines: { node: '>=0.10.3' },
66 silly install resolved     gitHead: 'a8386aae19e200ddb0f6845b5feeee5eb7013687',
66 silly install resolved     _id: 'font-awesome@4.7.0',
66 silly install resolved     scripts: {},
66 silly install resolved     _shasum: '8fa8cf0411a1a31afd07b06d2902bb9fc815a133',
66 silly install resolved     _from: 'font-awesome@latest',
66 silly install resolved     _npmVersion: '3.3.12',
66 silly install resolved     _nodeVersion: '5.5.0',
66 silly install resolved     _npmUser: { name: 'juliankrispel', email: 'julian@goodafternoon.co' },
66 silly install resolved     dist:
66 silly install resolved      { shasum: '8fa8cf0411a1a31afd07b06d2902bb9fc815a133',
66 silly install resolved        tarball: 'https://registry.npmjs.org/font-awesome/-/font-awesome-4.7.0.tgz' },
66 silly install resolved     maintainers: [ [Object] ],
66 silly install resolved     _npmOperationalInternal:
66 silly install resolved      { host: 'packages-18-east.internal.npmjs.com',
66 silly install resolved        tmp: 'tmp/font-awesome-4.7.0.tgz_1477344817307_0.6990068354643881' },
66 silly install resolved     directories: {},
66 silly install resolved     _resolved: 'https://registry.npmjs.org/font-awesome/-/font-awesome-4.7.0.tgz' } ]
67 info install font-awesome@4.7.0 into E:\Repositories\Triangle
68 info installOne font-awesome@4.7.0
69 verbose installOne of font-awesome to E:\Repositories\Triangle not in flight; installing
70 verbose correctMkdir C:\Users\Андрей\AppData\Roaming\npm-cache\_locks correctMkdir not in flight; initializing
71 verbose lock using C:\Users\Андрей\AppData\Roaming\npm-cache\_locks\font-awesome-a1ff31a81cbfb26d.lock for E:\Repositories\Triangle\node_modules\font-awesome
72 silly install write writing font-awesome 4.7.0 to E:\Repositories\Triangle\node_modules\font-awesome
73 verbose unbuild node_modules\font-awesome
74 silly gentlyRm E:\Repositories\Triangle\node_modules\font-awesome is being purged from base E:\Repositories\Triangle
75 verbose gentlyRm don't care about contents; nuking E:\Repositories\Triangle\node_modules\font-awesome
76 silly vacuum-fs purging E:\Repositories\Triangle\node_modules\font-awesome
77 silly vacuum-fs quitting because other entries in E:\Repositories\Triangle\node_modules
78 verbose tar unpack C:\Users\Андрей\AppData\Roaming\npm-cache\font-awesome\4.7.0\package.tgz
79 verbose tar unpacking to E:\Repositories\Triangle\node_modules\font-awesome
80 silly gentlyRm E:\Repositories\Triangle\node_modules\font-awesome is being purged
81 verbose gentlyRm don't care about contents; nuking E:\Repositories\Triangle\node_modules\font-awesome
82 silly gunzTarPerm modes [ '777', '666' ]
83 silly gunzTarPerm extractEntry package.json
84 silly gunzTarPerm modified mode [ 'package.json', 420, 438 ]
85 silly gunzTarPerm extractEntry .npmignore
86 silly gunzTarPerm modified mode [ '.npmignore', 420, 438 ]
87 silly gunzTarPerm extractEntry README.md
88 silly gunzTarPerm modified mode [ 'README.md', 420, 438 ]
89 silly gunzTarPerm extractEntry HELP-US-OUT.txt
90 silly gunzTarPerm modified mode [ 'HELP-US-OUT.txt', 420, 438 ]
91 silly gunzTarPerm extractEntry css/font-awesome.css
92 silly gunzTarPerm modified mode [ 'css/font-awesome.css', 420, 438 ]
93 silly gunzTarPerm extractEntry css/font-awesome.css.map
94 silly gunzTarPerm modified mode [ 'css/font-awesome.css.map', 420, 438 ]
95 silly gunzTarPerm extractEntry css/font-awesome.min.css
96 silly gunzTarPerm modified mode [ 'css/font-awesome.min.css', 420, 438 ]
97 silly gunzTarPerm extractEntry fonts/FontAwesome.otf
98 silly gunzTarPerm modified mode [ 'fonts/FontAwesome.otf', 420, 438 ]
99 silly gunzTarPerm extractEntry fonts/fontawesome-webfont.eot
100 silly gunzTarPerm modified mode [ 'fonts/fontawesome-webfont.eot', 420, 438 ]
101 silly gunzTarPerm extractEntry fonts/fontawesome-webfont.svg
102 silly gunzTarPerm modified mode [ 'fonts/fontawesome-webfont.svg', 420, 438 ]
103 silly gunzTarPerm extractEntry fonts/fontawesome-webfont.ttf
104 silly gunzTarPerm modified mode [ 'fonts/fontawesome-webfont.ttf', 420, 438 ]
105 silly gunzTarPerm extractEntry fonts/fontawesome-webfont.woff
106 silly gunzTarPerm modified mode [ 'fonts/fontawesome-webfont.woff', 420, 438 ]
107 silly gunzTarPerm extractEntry fonts/fontawesome-webfont.woff2
108 silly gunzTarPerm modified mode [ 'fonts/fontawesome-webfont.woff2', 420, 438 ]
109 silly gunzTarPerm extractEntry less/list.less
110 silly gunzTarPerm modified mode [ 'less/list.less', 420, 438 ]
111 silly gunzTarPerm extractEntry less/animated.less
112 silly gunzTarPerm modified mode [ 'less/animated.less', 420, 438 ]
113 silly gunzTarPerm extractEntry less/core.less
114 silly gunzTarPerm modified mode [ 'less/core.less', 420, 438 ]
115 silly gunzTarPerm extractEntry less/fixed-width.less
116 silly gunzTarPerm modified mode [ 'less/fixed-width.less', 420, 438 ]
117 silly gunzTarPerm extractEntry less/font-awesome.less
118 silly gunzTarPerm modified mode [ 'less/font-awesome.less', 420, 438 ]
119 silly gunzTarPerm extractEntry less/icons.less
120 silly gunzTarPerm modified mode [ 'less/icons.less', 420, 438 ]
121 silly gunzTarPerm extractEntry less/larger.less
122 silly gunzTarPerm modified mode [ 'less/larger.less', 420, 438 ]
123 silly gunzTarPerm extractEntry less/bordered-pulled.less
124 silly gunzTarPerm modified mode [ 'less/bordered-pulled.less', 420, 438 ]
125 silly gunzTarPerm extractEntry less/mixins.less
126 silly gunzTarPerm modified mode [ 'less/mixins.less', 420, 438 ]
127 silly gunzTarPerm extractEntry less/path.less
128 silly gunzTarPerm modified mode [ 'less/path.less', 420, 438 ]
129 silly gunzTarPerm extractEntry less/rotated-flipped.less
130 silly gunzTarPerm modified mode [ 'less/rotated-flipped.less', 420, 438 ]
131 silly gunzTarPerm extractEntry less/screen-reader.less
132 silly gunzTarPerm modified mode [ 'less/screen-reader.less', 420, 438 ]
133 silly gunzTarPerm extractEntry less/stacked.less
134 silly gunzTarPerm modified mode [ 'less/stacked.less', 420, 438 ]
135 silly gunzTarPerm extractEntry less/variables.less
136 silly gunzTarPerm modified mode [ 'less/variables.less', 420, 438 ]
137 silly gunzTarPerm extractEntry scss/_mixins.scss
138 silly gunzTarPerm modified mode [ 'scss/_mixins.scss', 420, 438 ]
139 silly gunzTarPerm extractEntry scss/_animated.scss
140 silly gunzTarPerm modified mode [ 'scss/_animated.scss', 420, 438 ]
141 silly gunzTarPerm extractEntry scss/_core.scss
142 silly gunzTarPerm modified mode [ 'scss/_core.scss', 420, 438 ]
143 silly gunzTarPerm extractEntry scss/_fixed-width.scss
144 silly gunzTarPerm modified mode [ 'scss/_fixed-width.scss', 420, 438 ]
145 silly gunzTarPerm extractEntry scss/_icons.scss
146 silly gunzTarPerm modified mode [ 'scss/_icons.scss', 420, 438 ]
147 silly gunzTarPerm extractEntry scss/_larger.scss
148 silly gunzTarPerm modified mode [ 'scss/_larger.scss', 420, 438 ]
149 silly gunzTarPerm extractEntry scss/_list.scss
150 silly gunzTarPerm modified mode [ 'scss/_list.scss', 420, 438 ]
151 silly gunzTarPerm extractEntry scss/_bordered-pulled.scss
152 silly gunzTarPerm modified mode [ 'scss/_bordered-pulled.scss', 420, 438 ]
153 silly gunzTarPerm extractEntry scss/_path.scss
154 silly gunzTarPerm modified mode [ 'scss/_path.scss', 420, 438 ]
155 silly gunzTarPerm extractEntry scss/_rotated-flipped.scss
156 silly gunzTarPerm modified mode [ 'scss/_rotated-flipped.scss', 420, 438 ]
157 silly gunzTarPerm extractEntry scss/_screen-reader.scss
158 silly gunzTarPerm modified mode [ 'scss/_screen-reader.scss', 420, 438 ]
159 silly gunzTarPerm extractEntry scss/_stacked.scss
160 silly gunzTarPerm modified mode [ 'scss/_stacked.scss', 420, 438 ]
161 silly gunzTarPerm extractEntry scss/_variables.scss
162 silly gunzTarPerm modified mode [ 'scss/_variables.scss', 420, 438 ]
163 silly gunzTarPerm extractEntry scss/font-awesome.scss
164 silly gunzTarPerm modified mode [ 'scss/font-awesome.scss', 420, 438 ]
165 verbose write writing to E:\Repositories\Triangle\node_modules\font-awesome\package.json
166 info preinstall font-awesome@4.7.0
167 verbose readDependencies loading dependencies from E:\Repositories\Triangle\node_modules\font-awesome\package.json
168 verbose readDependencies loading dependencies from E:\Repositories\Triangle\node_modules\font-awesome\package.json
169 silly install resolved []
170 verbose about to build E:\Repositories\Triangle\node_modules\font-awesome
171 info build E:\Repositories\Triangle\node_modules\font-awesome
172 info linkStuff font-awesome@4.7.0
173 silly linkStuff font-awesome@4.7.0 has E:\Repositories\Triangle\node_modules as its parent node_modules
174 verbose linkBins font-awesome@4.7.0
175 verbose linkMans font-awesome@4.7.0
176 verbose rebuildBundles font-awesome@4.7.0
177 info install font-awesome@4.7.0
178 info postinstall font-awesome@4.7.0
179 verbose unlock done using C:\Users\Андрей\AppData\Roaming\npm-cache\_locks\font-awesome-a1ff31a81cbfb26d.lock for E:\Repositories\Triangle\node_modules\font-awesome
180 verbose validateInstall loading E:\Repositories\Triangle\package.json for validation
181 verbose stack Error: The package grunt@1.0.1 does not satisfy its siblings' peerDependencies requirements!
181 verbose stack     at C:\Program Files\nodejs\node_modules\npm\lib\install.js:125:32
181 verbose stack     at C:\Program Files\nodejs\node_modules\npm\lib\install.js:268:7
181 verbose stack     at C:\Program Files\nodejs\node_modules\npm\node_modules\read-installed\read-installed.js:142:5
181 verbose stack     at C:\Program Files\nodejs\node_modules\npm\node_modules\read-installed\read-installed.js:263:14
181 verbose stack     at cb (C:\Program Files\nodejs\node_modules\npm\node_modules\slide\lib\async-map.js:47:24)
181 verbose stack     at C:\Program Files\nodejs\node_modules\npm\node_modules\read-installed\read-installed.js:263:14
181 verbose stack     at cb (C:\Program Files\nodejs\node_modules\npm\node_modules\slide\lib\async-map.js:47:24)
181 verbose stack     at C:\Program Files\nodejs\node_modules\npm\node_modules\read-installed\read-installed.js:263:14
181 verbose stack     at cb (C:\Program Files\nodejs\node_modules\npm\node_modules\slide\lib\async-map.js:47:24)
181 verbose stack     at C:\Program Files\nodejs\node_modules\npm\node_modules\read-installed\read-installed.js:263:14
182 verbose cwd E:\Repositories\Triangle
183 error Windows_NT 10.0.14393
184 error argv "C:\\Program Files\\nodejs\\node.exe" "C:\\Program Files\\nodejs\\node_modules\\npm\\bin\\npm-cli.js" "install" "font-awesome"
185 error node v4.6.1
186 error npm  v2.15.9
187 error code EPEERINVALID
188 error peerinvalid The package grunt@1.0.1 does not satisfy its siblings' peerDependencies requirements!
188 error peerinvalid Peer grunt-contrib-concat@1.0.1 wants grunt@>=0.4.0
188 error peerinvalid Peer grunt-contrib-watch@0.3.1 wants grunt@~0.4.0
189 verbose exit [ 1, true ]
